<?xml version="1.0" encoding="UTF-8"?>
<!-- Generated by org.testng.reporters.JUnitReportReporter -->
<testsuite skipped="0" hostname="LAPTOP-9K153T17" name="tests.Annotations" tests="4" failures="0" timestamp="25 Apr 2018 01:40:25 GMT" time="0.016" errors="0">
  <testcase name="myTEST" time="0.009" classname="tests.Annotations"/>
  <testcase name="myTEST2" time="0.003" classname="tests.Annotations"/>
  <testcase name="myTEST3" time="0.003" classname="tests.Annotations"/>
  <testcase name="myTEST4" time="0.001" classname="tests.Annotations"/>
</testsuite> <!-- tests.Annotations -->
