<?xml version="1.0" encoding="UTF-8"?>
<!-- Generated by org.testng.reporters.JUnitReportReporter -->
<testsuite skipped="0" hostname="LAPTOP-9K153T17" name="tests.Annotations" tests="4" failures="0" timestamp="22 Apr 2018 15:49:42 GMT" time="0.000" errors="0">
  <testcase name="myTEST" time="0.000" classname="tests.Annotations"/>
  <testcase name="myTEST2" time="0.000" classname="tests.Annotations"/>
  <testcase name="myTEST3" time="0.000" classname="tests.Annotations"/>
  <testcase name="myTEST4" time="0.000" classname="tests.Annotations"/>
</testsuite> <!-- tests.Annotations -->
